{"C:\\Users\\RECTORIASEM\\OneDrive\\Escritorio\\SENA\\2025\\unidad 4\\GESTION-EMPLEADOS\\BackEnd\\controllers\\usuario.controller.js": {"path":"C:\\Users\\RECTORIASEM\\OneDrive\\Escritorio\\SENA\\2025\\unidad 4\\GESTION-EMPLEADOS\\BackEnd\\controllers\\usuario.controller.js","statementMap":{"0":{"start":{"line":2,"column":16},"end":{"line":2,"column":44}},"1":{"start":{"line":3,"column":17},"end":{"line":3,"column":36}},"2":{"start":{"line":5,"column":20},"end":{"line":5,"column":22}},"3":{"start":{"line":8,"column":0},"end":{"line":19,"column":2}},"4":{"start":{"line":9,"column":2},"end":{"line":18,"column":3}},"5":{"start":{"line":10,"column":21},"end":{"line":10,"column":41}},"6":{"start":{"line":11,"column":4},"end":{"line":11,"column":35}},"7":{"start":{"line":13,"column":4},"end":{"line":13,"column":55}},"8":{"start":{"line":14,"column":4},"end":{"line":17,"column":7}},"9":{"start":{"line":22,"column":0},"end":{"line":42,"column":2}},"10":{"start":{"line":23,"column":17},"end":{"line":23,"column":27}},"11":{"start":{"line":25,"column":2},"end":{"line":27,"column":3}},"12":{"start":{"line":26,"column":4},"end":{"line":26,"column":69}},"13":{"start":{"line":29,"column":2},"end":{"line":41,"column":3}},"14":{"start":{"line":30,"column":20},"end":{"line":30,"column":46}},"15":{"start":{"line":31,"column":4},"end":{"line":33,"column":5}},"16":{"start":{"line":32,"column":6},"end":{"line":32,"column":70}},"17":{"start":{"line":34,"column":4},"end":{"line":34,"column":34}},"18":{"start":{"line":36,"column":4},"end":{"line":36,"column":61}},"19":{"start":{"line":37,"column":4},"end":{"line":40,"column":7}},"20":{"start":{"line":45,"column":0},"end":{"line":76,"column":2}},"21":{"start":{"line":46,"column":53},"end":{"line":46,"column":61}},"22":{"start":{"line":48,"column":2},"end":{"line":50,"column":3}},"23":{"start":{"line":49,"column":4},"end":{"line":49,"column":81}},"24":{"start":{"line":52,"column":22},"end":{"line":52,"column":50}},"25":{"start":{"line":53,"column":2},"end":{"line":55,"column":3}},"26":{"start":{"line":54,"column":4},"end":{"line":54,"column":81}},"27":{"start":{"line":57,"column":2},"end":{"line":75,"column":3}},"28":{"start":{"line":58,"column":20},"end":{"line":58,"column":75}},"29":{"start":{"line":59,"column":25},"end":{"line":59,"column":45}},"30":{"start":{"line":61,"column":4},"end":{"line":64,"column":7}},"31":{"start":{"line":66,"column":4},"end":{"line":74,"column":5}},"32":{"start":{"line":67,"column":6},"end":{"line":67,"column":71}},"33":{"start":{"line":69,"column":6},"end":{"line":69,"column":51}},"34":{"start":{"line":70,"column":6},"end":{"line":73,"column":9}},"35":{"start":{"line":79,"column":0},"end":{"line":125,"column":2}},"36":{"start":{"line":80,"column":17},"end":{"line":80,"column":27}},"37":{"start":{"line":81,"column":53},"end":{"line":81,"column":61}},"38":{"start":{"line":83,"column":2},"end":{"line":85,"column":3}},"39":{"start":{"line":84,"column":4},"end":{"line":84,"column":69}},"40":{"start":{"line":87,"column":2},"end":{"line":89,"column":3}},"41":{"start":{"line":88,"column":4},"end":{"line":88,"column":81}},"42":{"start":{"line":91,"column":22},"end":{"line":91,"column":50}},"43":{"start":{"line":92,"column":2},"end":{"line":94,"column":3}},"44":{"start":{"line":93,"column":4},"end":{"line":93,"column":81}},"45":{"start":{"line":96,"column":2},"end":{"line":124,"column":3}},"46":{"start":{"line":97,"column":29},"end":{"line":97,"column":61}},"47":{"start":{"line":98,"column":4},"end":{"line":100,"column":5}},"48":{"start":{"line":99,"column":6},"end":{"line":99,"column":95}},"49":{"start":{"line":102,"column":27},"end":{"line":102,"column":69}},"50":{"start":{"line":104,"column":20},"end":{"line":108,"column":5}},"51":{"start":{"line":110,"column":4},"end":{"line":112,"column":5}},"52":{"start":{"line":111,"column":6},"end":{"line":111,"column":70}},"53":{"start":{"line":114,"column":4},"end":{"line":117,"column":7}},"54":{"start":{"line":119,"column":4},"end":{"line":119,"column":54}},"55":{"start":{"line":120,"column":4},"end":{"line":123,"column":7}},"56":{"start":{"line":128,"column":0},"end":{"line":153,"column":2}},"57":{"start":{"line":129,"column":17},"end":{"line":129,"column":27}},"58":{"start":{"line":131,"column":2},"end":{"line":133,"column":3}},"59":{"start":{"line":132,"column":4},"end":{"line":132,"column":69}},"60":{"start":{"line":135,"column":2},"end":{"line":152,"column":3}},"61":{"start":{"line":136,"column":20},"end":{"line":136,"column":55}},"62":{"start":{"line":138,"column":4},"end":{"line":140,"column":5}},"63":{"start":{"line":139,"column":6},"end":{"line":139,"column":70}},"64":{"start":{"line":142,"column":4},"end":{"line":145,"column":7}},"65":{"start":{"line":147,"column":4},"end":{"line":147,"column":54}},"66":{"start":{"line":148,"column":4},"end":{"line":151,"column":7}},"67":{"start":{"line":155,"column":0},"end":{"line":155,"column":29}}},"fnMap":{"0":{"name":"(anonymous_0)","decl":{"start":{"line":8,"column":26},"end":{"line":8,"column":27}},"loc":{"start":{"line":8,"column":46},"end":{"line":19,"column":1}},"line":8},"1":{"name":"(anonymous_1)","decl":{"start":{"line":22,"column":25},"end":{"line":22,"column":26}},"loc":{"start":{"line":22,"column":45},"end":{"line":42,"column":1}},"line":22},"2":{"name":"(anonymous_2)","decl":{"start":{"line":45,"column":28},"end":{"line":45,"column":29}},"loc":{"start":{"line":45,"column":48},"end":{"line":76,"column":1}},"line":45},"3":{"name":"(anonymous_3)","decl":{"start":{"line":79,"column":28},"end":{"line":79,"column":29}},"loc":{"start":{"line":79,"column":48},"end":{"line":125,"column":1}},"line":79},"4":{"name":"(anonymous_4)","decl":{"start":{"line":128,"column":30},"end":{"line":128,"column":31}},"loc":{"start":{"line":128,"column":50},"end":{"line":153,"column":1}},"line":128}},"branchMap":{"0":{"loc":{"start":{"line":25,"column":2},"end":{"line":27,"column":3}},"type":"if","locations":[{"start":{"line":25,"column":2},"end":{"line":27,"column":3}},{"start":{},"end":{}}],"line":25},"1":{"loc":{"start":{"line":31,"column":4},"end":{"line":33,"column":5}},"type":"if","locations":[{"start":{"line":31,"column":4},"end":{"line":33,"column":5}},{"start":{},"end":{}}],"line":31},"2":{"loc":{"start":{"line":48,"column":2},"end":{"line":50,"column":3}},"type":"if","locations":[{"start":{"line":48,"column":2},"end":{"line":50,"column":3}},{"start":{},"end":{}}],"line":48},"3":{"loc":{"start":{"line":48,"column":6},"end":{"line":48,"column":57}},"type":"binary-expr","locations":[{"start":{"line":48,"column":6},"end":{"line":48,"column":13}},{"start":{"line":48,"column":17},"end":{"line":48,"column":23}},{"start":{"line":48,"column":27},"end":{"line":48,"column":36}},{"start":{"line":48,"column":40},"end":{"line":48,"column":44}},{"start":{"line":48,"column":48},"end":{"line":48,"column":57}}],"line":48},"4":{"loc":{"start":{"line":53,"column":2},"end":{"line":55,"column":3}},"type":"if","locations":[{"start":{"line":53,"column":2},"end":{"line":55,"column":3}},{"start":{},"end":{}}],"line":53},"5":{"loc":{"start":{"line":66,"column":4},"end":{"line":74,"column":5}},"type":"if","locations":[{"start":{"line":66,"column":4},"end":{"line":74,"column":5}},{"start":{"line":68,"column":11},"end":{"line":74,"column":5}}],"line":66},"6":{"loc":{"start":{"line":66,"column":8},"end":{"line":66,"column":51}},"type":"binary-expr","locations":[{"start":{"line":66,"column":8},"end":{"line":66,"column":26}},{"start":{"line":66,"column":30},"end":{"line":66,"column":51}}],"line":66},"7":{"loc":{"start":{"line":83,"column":2},"end":{"line":85,"column":3}},"type":"if","locations":[{"start":{"line":83,"column":2},"end":{"line":85,"column":3}},{"start":{},"end":{}}],"line":83},"8":{"loc":{"start":{"line":87,"column":2},"end":{"line":89,"column":3}},"type":"if","locations":[{"start":{"line":87,"column":2},"end":{"line":89,"column":3}},{"start":{},"end":{}}],"line":87},"9":{"loc":{"start":{"line":87,"column":6},"end":{"line":87,"column":57}},"type":"binary-expr","locations":[{"start":{"line":87,"column":6},"end":{"line":87,"column":13}},{"start":{"line":87,"column":17},"end":{"line":87,"column":23}},{"start":{"line":87,"column":27},"end":{"line":87,"column":36}},{"start":{"line":87,"column":40},"end":{"line":87,"column":44}},{"start":{"line":87,"column":48},"end":{"line":87,"column":57}}],"line":87},"10":{"loc":{"start":{"line":92,"column":2},"end":{"line":94,"column":3}},"type":"if","locations":[{"start":{"line":92,"column":2},"end":{"line":94,"column":3}},{"start":{},"end":{}}],"line":92},"11":{"loc":{"start":{"line":98,"column":4},"end":{"line":100,"column":5}},"type":"if","locations":[{"start":{"line":98,"column":4},"end":{"line":100,"column":5}},{"start":{},"end":{}}],"line":98},"12":{"loc":{"start":{"line":98,"column":8},"end":{"line":98,"column":66}},"type":"binary-expr","locations":[{"start":{"line":98,"column":8},"end":{"line":98,"column":24}},{"start":{"line":98,"column":28},"end":{"line":98,"column":66}}],"line":98},"13":{"loc":{"start":{"line":110,"column":4},"end":{"line":112,"column":5}},"type":"if","locations":[{"start":{"line":110,"column":4},"end":{"line":112,"column":5}},{"start":{},"end":{}}],"line":110},"14":{"loc":{"start":{"line":131,"column":2},"end":{"line":133,"column":3}},"type":"if","locations":[{"start":{"line":131,"column":2},"end":{"line":133,"column":3}},{"start":{},"end":{}}],"line":131},"15":{"loc":{"start":{"line":138,"column":4},"end":{"line":140,"column":5}},"type":"if","locations":[{"start":{"line":138,"column":4},"end":{"line":140,"column":5}},{"start":{},"end":{}}],"line":138}},"s":{"0":1,"1":1,"2":1,"3":1,"4":0,"5":0,"6":0,"7":0,"8":0,"9":1,"10":0,"11":0,"12":0,"13":0,"14":0,"15":0,"16":0,"17":0,"18":0,"19":0,"20":1,"21":5,"22":5,"23":1,"24":4,"25":4,"26":1,"27":3,"28":3,"29":3,"30":1,"31":2,"32":1,"33":1,"34":1,"35":1,"36":0,"37":0,"38":0,"39":0,"40":0,"41":0,"42":0,"43":0,"44":0,"45":0,"46":0,"47":0,"48":0,"49":0,"50":0,"51":0,"52":0,"53":0,"54":0,"55":0,"56":1,"57":0,"58":0,"59":0,"60":0,"61":0,"62":0,"63":0,"64":0,"65":0,"66":0,"67":1},"f":{"0":0,"1":0,"2":5,"3":0,"4":0},"b":{"0":[0,0],"1":[0,0],"2":[1,4],"3":[5,5,4,4,4],"4":[1,3],"5":[1,1],"6":[2,1],"7":[0,0],"8":[0,0],"9":[0,0,0,0,0],"10":[0,0],"11":[0,0],"12":[0,0],"13":[0,0],"14":[0,0],"15":[0,0]},"_coverageSchema":"1a1c01bbd47fc00a2c39e90264f33305004495a9","hash":"0993c07149f559a0527970d86a4f7239c41da49c"}
,"C:\\Users\\RECTORIASEM\\OneDrive\\Escritorio\\SENA\\2025\\unidad 4\\GESTION-EMPLEADOS\\BackEnd\\models\\usuario.js": {"path":"C:\\Users\\RECTORIASEM\\OneDrive\\Escritorio\\SENA\\2025\\unidad 4\\GESTION-EMPLEADOS\\BackEnd\\models\\usuario.js","statementMap":{"0":{"start":{"line":2,"column":17},"end":{"line":2,"column":36}},"1":{"start":{"line":3,"column":19},"end":{"line":3,"column":27}},"2":{"start":{"line":6,"column":22},"end":{"line":29,"column":2}},"3":{"start":{"line":32,"column":0},"end":{"line":32,"column":58}}},"fnMap":{},"branchMap":{},"s":{"0":1,"1":1,"2":1,"3":1},"f":{},"b":{},"_coverageSchema":"1a1c01bbd47fc00a2c39e90264f33305004495a9","hash":"408c80f1f72868113129a2e465563284f0900f0c"}
}
