TN:
SF:controllers\empleado.controller.js
FN:6,(anonymous_0)
FN:19,(anonymous_1)
FN:40,(anonymous_2)
FN:56,(anonymous_3)
FN:81,(anonymous_4)
FNF:5
FNH:1
FNDA:1,(anonymous_0)
FNDA:0,(anonymous_1)
FNDA:0,(anonymous_2)
FNDA:0,(anonymous_3)
FNDA:0,(anonymous_4)
DA:2,2
DA:3,2
DA:6,2
DA:7,1
DA:8,1
DA:9,1
DA:11,0
DA:19,2
DA:20,0
DA:21,0
DA:23,0
DA:24,0
DA:27,0
DA:28,0
DA:30,0
DA:32,0
DA:40,2
DA:41,0
DA:42,0
DA:43,0
DA:44,0
DA:46,0
DA:48,0
DA:56,2
DA:57,0
DA:58,0
DA:59,0
DA:61,0
DA:67,0
DA:68,0
DA:71,0
DA:73,0
DA:81,2
DA:82,0
DA:83,0
DA:85,0
DA:86,0
DA:89,0
DA:94,0
DA:101,2
LF:40
LH:11
BRDA:23,0,0,0
BRDA:23,0,1,0
BRDA:23,1,0,0
BRDA:23,1,1,0
BRDA:23,1,2,0
BRDA:23,1,3,0
BRDA:43,2,0,0
BRDA:43,2,1,0
BRDA:67,3,0,0
BRDA:67,3,1,0
BRDA:85,4,0,0
BRDA:85,4,1,0
BRF:12
BRH:0
end_of_record
TN:
SF:controllers\producto.controller.js
FN:6,(anonymous_0)
FN:19,(anonymous_1)
FN:40,(anonymous_2)
FN:56,(anonymous_3)
FN:81,(anonymous_4)
FNF:5
FNH:2
FNDA:1,(anonymous_0)
FNDA:3,(anonymous_1)
FNDA:0,(anonymous_2)
FNDA:0,(anonymous_3)
FNDA:0,(anonymous_4)
DA:2,2
DA:3,2
DA:6,2
DA:7,1
DA:8,1
DA:9,1
DA:11,0
DA:19,2
DA:20,3
DA:21,3
DA:23,3
DA:24,1
DA:27,2
DA:28,2
DA:30,2
DA:32,0
DA:40,2
DA:41,0
DA:42,0
DA:43,0
DA:44,0
DA:46,0
DA:48,0
DA:56,2
DA:57,0
DA:58,0
DA:59,0
DA:61,0
DA:67,0
DA:68,0
DA:71,0
DA:73,0
DA:81,2
DA:82,0
DA:83,0
DA:85,0
DA:86,0
DA:89,0
DA:94,0
DA:101,2
LF:40
LH:18
BRDA:23,0,0,1
BRDA:23,0,1,2
BRDA:23,1,0,3
BRDA:23,1,1,2
BRDA:43,2,0,0
BRDA:43,2,1,0
BRDA:67,3,0,0
BRDA:67,3,1,0
BRDA:85,4,0,0
BRDA:85,4,1,0
BRF:10
BRH:4
end_of_record
TN:
SF:controllers\servicio.controller.js
FN:6,(anonymous_0)
FN:19,(anonymous_1)
FN:40,(anonymous_2)
FN:56,(anonymous_3)
FN:81,(anonymous_4)
FNF:5
FNH:2
FNDA:1,(anonymous_0)
FNDA:3,(anonymous_1)
FNDA:0,(anonymous_2)
FNDA:0,(anonymous_3)
FNDA:0,(anonymous_4)
DA:2,2
DA:3,2
DA:6,2
DA:7,1
DA:8,1
DA:9,1
DA:11,0
DA:19,2
DA:20,3
DA:21,3
DA:23,3
DA:24,1
DA:27,2
DA:28,2
DA:30,2
DA:32,0
DA:40,2
DA:41,0
DA:42,0
DA:43,0
DA:44,0
DA:46,0
DA:48,0
DA:56,2
DA:57,0
DA:58,0
DA:59,0
DA:61,0
DA:67,0
DA:68,0
DA:71,0
DA:73,0
DA:81,2
DA:82,0
DA:83,0
DA:85,0
DA:86,0
DA:89,0
DA:94,0
DA:101,2
LF:40
LH:18
BRDA:23,0,0,1
BRDA:23,0,1,2
BRDA:23,1,0,3
BRDA:23,1,1,2
BRDA:43,2,0,0
BRDA:43,2,1,0
BRDA:67,3,0,0
BRDA:67,3,1,0
BRDA:85,4,0,0
BRDA:85,4,1,0
BRF:10
BRH:4
end_of_record
TN:
SF:controllers\usuario.controller.js
FN:8,(anonymous_0)
FN:22,(anonymous_1)
FN:45,(anonymous_2)
FN:79,(anonymous_3)
FN:128,(anonymous_4)
FNF:5
FNH:2
FNDA:1,(anonymous_0)
FNDA:0,(anonymous_1)
FNDA:6,(anonymous_2)
FNDA:0,(anonymous_3)
FNDA:0,(anonymous_4)
DA:2,2
DA:3,2
DA:5,2
DA:8,2
DA:9,1
DA:10,1
DA:11,1
DA:13,0
DA:14,0
DA:22,2
DA:23,0
DA:25,0
DA:26,0
DA:29,0
DA:30,0
DA:31,0
DA:32,0
DA:34,0
DA:36,0
DA:37,0
DA:45,2
DA:46,6
DA:48,6
DA:49,1
DA:52,5
DA:53,5
DA:54,1
DA:57,4
DA:58,4
DA:59,4
DA:61,2
DA:66,2
DA:67,1
DA:69,1
DA:70,1
DA:79,2
DA:80,0
DA:81,0
DA:83,0
DA:84,0
DA:87,0
DA:88,0
DA:91,0
DA:92,0
DA:93,0
DA:96,0
DA:97,0
DA:98,0
DA:99,0
DA:102,0
DA:104,0
DA:110,0
DA:111,0
DA:114,0
DA:119,0
DA:120,0
DA:128,2
DA:129,0
DA:131,0
DA:132,0
DA:135,0
DA:136,0
DA:138,0
DA:139,0
DA:142,0
DA:147,0
DA:148,0
DA:155,2
LF:68
LH:26
BRDA:25,0,0,0
BRDA:25,0,1,0
BRDA:31,1,0,0
BRDA:31,1,1,0
BRDA:48,2,0,1
BRDA:48,2,1,5
BRDA:48,3,0,6
BRDA:48,3,1,6
BRDA:48,3,2,5
BRDA:48,3,3,5
BRDA:48,3,4,5
BRDA:53,4,0,1
BRDA:53,4,1,4
BRDA:66,5,0,1
BRDA:66,5,1,1
BRDA:66,6,0,2
BRDA:66,6,1,1
BRDA:83,7,0,0
BRDA:83,7,1,0
BRDA:87,8,0,0
BRDA:87,8,1,0
BRDA:87,9,0,0
BRDA:87,9,1,0
BRDA:87,9,2,0
BRDA:87,9,3,0
BRDA:87,9,4,0
BRDA:92,10,0,0
BRDA:92,10,1,0
BRDA:98,11,0,0
BRDA:98,11,1,0
BRDA:98,12,0,0
BRDA:98,12,1,0
BRDA:110,13,0,0
BRDA:110,13,1,0
BRDA:131,14,0,0
BRDA:131,14,1,0
BRDA:138,15,0,0
BRDA:138,15,1,0
BRF:38
BRH:13
end_of_record
TN:
SF:models\empleado.js
FNF:0
FNH:0
DA:2,2
DA:3,2
DA:6,2
DA:14,2
LF:4
LH:4
BRF:0
BRH:0
end_of_record
TN:
SF:models\producto.js
FNF:0
FNH:0
DA:2,2
DA:3,2
DA:6,2
DA:14,2
LF:4
LH:4
BRF:0
BRH:0
end_of_record
TN:
SF:models\servicio.js
FNF:0
FNH:0
DA:2,2
DA:3,2
DA:6,2
DA:14,2
LF:4
LH:4
BRF:0
BRH:0
end_of_record
TN:
SF:models\usuario.js
FNF:0
FNH:0
DA:2,2
DA:3,2
DA:6,2
DA:32,2
LF:4
LH:4
BRF:0
BRH:0
end_of_record
