TN:
SF:controllers\usuario.controller.js
FN:8,(anonymous_0)
FN:22,(anonymous_1)
FN:45,(anonymous_2)
FN:79,(anonymous_3)
FN:128,(anonymous_4)
FNF:5
FNH:1
FNDA:0,(anonymous_0)
FNDA:0,(anonymous_1)
FNDA:5,(anonymous_2)
FNDA:0,(anonymous_3)
FNDA:0,(anonymous_4)
DA:2,1
DA:3,1
DA:5,1
DA:8,1
DA:9,0
DA:10,0
DA:11,0
DA:13,0
DA:14,0
DA:22,1
DA:23,0
DA:25,0
DA:26,0
DA:29,0
DA:30,0
DA:31,0
DA:32,0
DA:34,0
DA:36,0
DA:37,0
DA:45,1
DA:46,5
DA:48,5
DA:49,1
DA:52,4
DA:53,4
DA:54,1
DA:57,3
DA:58,3
DA:59,3
DA:61,1
DA:66,2
DA:67,1
DA:69,1
DA:70,1
DA:79,1
DA:80,0
DA:81,0
DA:83,0
DA:84,0
DA:87,0
DA:88,0
DA:91,0
DA:92,0
DA:93,0
DA:96,0
DA:97,0
DA:98,0
DA:99,0
DA:102,0
DA:104,0
DA:110,0
DA:111,0
DA:114,0
DA:119,0
DA:120,0
DA:128,1
DA:129,0
DA:131,0
DA:132,0
DA:135,0
DA:136,0
DA:138,0
DA:139,0
DA:142,0
DA:147,0
DA:148,0
DA:155,1
LF:68
LH:23
BRDA:25,0,0,0
BRDA:25,0,1,0
BRDA:31,1,0,0
BRDA:31,1,1,0
BRDA:48,2,0,1
BRDA:48,2,1,4
BRDA:48,3,0,5
BRDA:48,3,1,5
BRDA:48,3,2,4
BRDA:48,3,3,4
BRDA:48,3,4,4
BRDA:53,4,0,1
BRDA:53,4,1,3
BRDA:66,5,0,1
BRDA:66,5,1,1
BRDA:66,6,0,2
BRDA:66,6,1,1
BRDA:83,7,0,0
BRDA:83,7,1,0
BRDA:87,8,0,0
BRDA:87,8,1,0
BRDA:87,9,0,0
BRDA:87,9,1,0
BRDA:87,9,2,0
BRDA:87,9,3,0
BRDA:87,9,4,0
BRDA:92,10,0,0
BRDA:92,10,1,0
BRDA:98,11,0,0
BRDA:98,11,1,0
BRDA:98,12,0,0
BRDA:98,12,1,0
BRDA:110,13,0,0
BRDA:110,13,1,0
BRDA:131,14,0,0
BRDA:131,14,1,0
BRDA:138,15,0,0
BRDA:138,15,1,0
BRF:38
BRH:13
end_of_record
TN:
SF:models\usuario.js
FNF:0
FNH:0
DA:2,1
DA:3,1
DA:6,1
DA:32,1
LF:4
LH:4
BRF:0
BRH:0
end_of_record
